<?xml version="1.0" encoding="UTF-8"?>
<testng-results skipped="0" failed="0" ignored="0" total="1" passed="1">
  <reporter-output>
  </reporter-output>
  <suite name="Default suite" duration-ms="18031" started-at="2017-08-29T07:40:23Z" finished-at="2017-08-29T07:40:41Z">
    <groups>
    </groups>
    <test name="Default test" duration-ms="18031" started-at="2017-08-29T07:40:23Z" finished-at="2017-08-29T07:40:41Z">
      <class name="test_drcom_hub1.LiveEcommerce.git.testTestCaseExtra4">
        <test-method status="PASS" signature="openingWebsite()[pri:0, instance:test_drcom_hub1.LiveEcommerce.git.testTestCaseExtra4@5afa04c]" name="openingWebsite" is-config="true" duration-ms="6244" started-at="2017-08-29T14:40:23Z" finished-at="2017-08-29T14:40:30Z">
          <reporter-output>
          </reporter-output>
        </test-method> <!-- openingWebsite -->
        <test-method status="PASS" signature="verifyAdvancedSearch()[pri:0, instance:test_drcom_hub1.LiveEcommerce.git.testTestCaseExtra4@5afa04c]" name="verifyAdvancedSearch" duration-ms="11599" started-at="2017-08-29T14:40:30Z" finished-at="2017-08-29T14:40:41Z">
          <reporter-output>
          </reporter-output>
        </test-method> <!-- verifyAdvancedSearch -->
        <test-method status="PASS" signature="closingWebsite()[pri:0, instance:test_drcom_hub1.LiveEcommerce.git.testTestCaseExtra4@5afa04c]" name="closingWebsite" is-config="true" duration-ms="163" started-at="2017-08-29T14:40:41Z" finished-at="2017-08-29T14:40:41Z">
          <reporter-output>
          </reporter-output>
        </test-method> <!-- closingWebsite -->
      </class> <!-- test_drcom_hub1.LiveEcommerce.git.testTestCaseExtra4 -->
    </test> <!-- Default test -->
  </suite> <!-- Default suite -->
</testng-results>
